<?xml version="1.0" encoding="UTF-8"?>
<!-- Generated by org.testng.reporters.JUnitXMLReporter -->
<testsuite hostname="DESKTOP-1F7BV7C" ignored="0" name="Command line test" tests="8" failures="3" timestamp="21 juil. 2020 21:09:23 GMT" time="0.195" errors="0">
  <testcase name="addTest" time="0.013" classname="a.ATest"/>
  <testcase name="diviserTest" time="0.003" classname="a.ATest"/>
  <testcase name="produitTest" time="0.001" classname="a.ATest"/>
  <testcase name="soustraireTest" time="0.0" classname="a.ATest"/>
  <testcase name="addTest" time="0.132" classname="a.CalculetteTest"/>
  <testcase name="diviserTest" time="0.001" classname="a.CalculetteTest">
    <failure type="java.lang.RuntimeException" message="Test not implemented">
      <![CDATA[java.lang.RuntimeException: Test not implemented
	at a.CalculetteTest.diviserTest(CalculetteTest.java:18)
... Removed 35 stack frames]]>
    </failure>
  </testcase> <!-- diviserTest -->
  <testcase name="produitTest" time="0.001" classname="a.CalculetteTest">
    <failure type="java.lang.RuntimeException" message="Test not implemented">
      <![CDATA[java.lang.RuntimeException: Test not implemented
	at a.CalculetteTest.produitTest(CalculetteTest.java:23)
... Removed 35 stack frames]]>
    </failure>
  </testcase> <!-- produitTest -->
  <testcase name="soustraireTest" time="0.0" classname="a.CalculetteTest">
    <failure type="java.lang.RuntimeException" message="Test not implemented">
      <![CDATA[java.lang.RuntimeException: Test not implemented
	at a.CalculetteTest.soustraireTest(CalculetteTest.java:28)
... Removed 35 stack frames]]>
    </failure>
  </testcase> <!-- soustraireTest -->
</testsuite> <!-- Command line test -->
