<?xml version="1.0" encoding="UTF-8"?>
<!-- Generated by org.testng.reporters.JUnitXMLReporter -->
<testsuite hostname="DESKTOP-1F7BV7C" ignored="0" name="Command line test" tests="4" failures="3" timestamp="21 juil. 2020 21:00:19 GMT" time="0.059" errors="0">
  <testcase name="addTest" time="0.01" classname="a.ATest"/>
  <testcase name="diviserTest" time="0.004" classname="a.ATest">
    <failure type="java.lang.RuntimeException" message="Test not implemented">
      <![CDATA[java.lang.RuntimeException: Test not implemented
	at a.ATest.diviserTest(ATest.java:15)
... Removed 34 stack frames]]>
    </failure>
  </testcase> <!-- diviserTest -->
  <testcase name="produitTest" time="0.001" classname="a.ATest">
    <failure type="java.lang.RuntimeException" message="Test not implemented">
      <![CDATA[java.lang.RuntimeException: Test not implemented
	at a.ATest.produitTest(ATest.java:20)
... Removed 34 stack frames]]>
    </failure>
  </testcase> <!-- produitTest -->
  <testcase name="soustraireTest" time="0.0" classname="a.ATest">
    <failure type="java.lang.RuntimeException" message="Test not implemented">
      <![CDATA[java.lang.RuntimeException: Test not implemented
	at a.ATest.soustraireTest(ATest.java:25)
... Removed 34 stack frames]]>
    </failure>
  </testcase> <!-- soustraireTest -->
</testsuite> <!-- Command line test -->
